<?xml version="1.0" ?>
<testsuite errors="1" failures="0" name="testutil.js_test.JsTest-20160304235342" tests="2" time="87.750">
	<testcase classname="testutil.js_test.JsTest" name="test_run_mocha_tests" time="1.166"/>
	<testcase classname="testutil.js_test.JsTest" name="test_run_jstests" time="86.585">
		<error message="JSTEST ERRORS:
javascript/badges-package/badges_test.js
-------------------------------------------------------------------------------
PASSED: Badges ShareLinksView.openGraphShare sends a request to share a badge
PASSED: Badges ShareLinksView.openGraphShare finishes the share if it succeeds
PASSED: Badges ShareLinksView.openGraphShare handles the error if the request fails

javascript/bigbingo-dashboard-package/conversion-graphs_test.js
-------------------------------------------------------------------------------
PASSED: deepDefaults doesn't overwrite properties at the top level
PASSED: deepDefaults adds properties not present
PASSED: deepDefaults doesn't overwrite nested properties
PASSED: deepDefaults adds nested properties not present
PASSED: propagateRatioErr correctly propagates error from the two components

javascript/bigbingo-dashboard-package/datastores/funnel-store_test.js
-------------------------------------------------------------------------------
PASSED: FunnelStore should return 'PENDING' when first called
PASSED: FunnelStore with preloaded funnels should have funnels loaded
PASSED: FunnelStore with preloaded funnels should update a funnel from server
PASSED: FunnelStore with preloaded funnels should delete a funnel

javascript/bigbingo-dashboard-package/experiment-list_test.jsx
-------------------------------------------------------------------------------
PASSED: ExperimentList renders and updates

javascript/bigbingo-dashboard-package/fixtures_test.js
-------------------------------------------------------------------------------
PASSED: ConversionTable fixtures renders instance 0
PASSED: PowerCalculator fixtures renders instance 0
PASSED: QuantilesChart fixtures renders instance 0
PASSED: QuantilesChart fixtures renders instance 1
PASSED: HistogramChart fixtures renders instance 0

javascript/bigbingo-dashboard-package/funnel/manager_test.jsx
-------------------------------------------------------------------------------
PASSED: Funnel Manager loaded without any funnels should not have any charts rendered
PASSED: Funnel Manager loaded on the start date of the experiment should have a warning message instead of a 'build funnel' button
PASSED: Funnel Manager when 'build funnel' is clicked should have a rendered FunnelBuilder
PASSED: Funnel Manager loaded with a populated funnel should have a rendered highcharts chart
PASSED: Funnel Manager loaded with a pending funnel after 5 seconds (polling time) should have a rendered highcharts chart

javascript/clarifications-package/discussion-meta_test.jsx
-------------------------------------------------------------------------------
PASSED: DuplicateNotice contains expected class name and text
PASSED: DuplicateNotice un-dupes when close is clicked
PASSED: EditContentForm contains expected class names
PASSED: EditContentForm shows or hides form controls as expected
LOG: JQMIGRATE: Logging is active
PASSED: EditContentForm handles save callback
PASSED: EditContentForm handles finding a duplicate
PASSED: EditContentForm handles text change
PASSED: Note renders and contains expected class name
PASSED: Note handles closing
PASSED: ContentEditor renders and contains expected class name
PASSED: ContentEditor handles save
PASSED: ContentEditor handles cancel

javascript/coaches-package/fixtures_test.js
-------------------------------------------------------------------------------
PASSED: CardView fixtures renders instance 0
PASSED: CoachLearnstormPage fixtures renders instance 0
PASSED: CoachNav fixtures renders instance 0
PASSED: CoachPages fixtures renders instance 0
PASSED: LearnstormChecklistView fixtures renders instance 0
PASSED: LSRegistrationVis fixtures renders instance 0
PASSED: ProgressBar fixtures renders instance 0
PASSED: ProgressBar fixtures renders instance 1
PASSED: ProgressBar fixtures renders instance 2
PASSED: ProgressBar fixtures renders instance 3
PASSED: QuestionTooltip fixtures renders instance 0
PASSED: TeacherLeaderboardView fixtures renders instance 0
PASSED: TeacherLeaderboardView fixtures renders instance 1

javascript/content-library-package/fixtures_test.js
-------------------------------------------------------------------------------
PASSED: AlsoFoundIn fixtures renders instance 0
PASSED: Breadcrumbs fixtures renders instance 0
PASSED: Breadcrumbs fixtures renders instance 1
PASSED: ConceptThumbnail fixtures renders instance 0
PASSED: ConceptThumbnail fixtures renders instance 1
PASSED: ConceptThumbnail fixtures renders instance 2
PASSED: ConceptThumbnail fixtures renders instance 3
PASSED: ConceptThumbnail fixtures renders instance 4
PASSED: ConceptThumbnail fixtures renders instance 5
PASSED: ConceptThumbnail fixtures renders instance 6
PASSED: ConceptThumbnail fixtures renders instance 7
PASSED: ConceptThumbnail fixtures renders instance 8
PASSED: ContentCarouselItem fixtures renders instance 0
PASSED: ContentCarouselItem fixtures renders instance 1
PASSED: ContentCarouselItem fixtures renders instance 2
PASSED: ContentCarouselItem fixtures renders instance 3
PASSED: ContentCarouselItem fixtures renders instance 4
PASSED: ContentCarouselItem fixtures renders instance 5
PASSED: ContentCarouselItem fixtures renders instance 6
PASSED: ContentCarouselItem fixtures renders instance 7
PASSED: ContentCarouselItem fixtures renders instance 8
PASSED: ContentCarouselItem fixtures renders instance 9
PASSED: ContentListItem fixtures renders instance 0
PASSED: ContentListItem fixtures renders instance 1
PASSED: ContentListItem fixtures renders instance 2
PASSED: ContentListItem fixtures renders instance 3
PASSED: ContentListItem fixtures renders instance 4
PASSED: ContentListItem fixtures renders instance 5
PASSED: ContentListItem fixtures renders instance 6
PASSED: ContentListItem fixtures renders instance 7
PASSED: DeferredImage fixtures renders instance 0
PASSED: DeferredImage fixtures renders instance 1
PASSED: Icon fixtures renders instance 0
PASSED: Icon fixtures renders instance 1
PASSED: MissionProgressCallout fixtures renders instance 0
PASSED: MissionProgressCallout fixtures renders instance 1
PASSED: MissionProgressCallout fixtures renders instance 2
PASSED: Thumbnail fixtures renders instance 0
PASSED: Thumbnail fixtures renders instance 1
PASSED: Thumbnail fixtures renders instance 2
PASSED: Thumbnail fixtures renders instance 3
PASSED: CurationPage fixtures renders instance 0
PASSED: CurationPage fixtures renders instance 1
PASSED: CurationPage fixtures renders instance 2
PASSED: CurationPage fixtures renders instance 3
PASSED: ClassCallout fixtures renders instance 0
PASSED: ConceptIntro fixtures renders instance 0
PASSED: ConceptIntro fixtures renders instance 1
PASSED: ConceptIntro fixtures renders instance 2
PASSED: ContentCarousel fixtures renders instance 0
PASSED: ContentCarousel fixtures renders instance 1
PASSED: ContentCarousel fixtures renders instance 2
PASSED: ContentCarousel fixtures renders instance 3
PASSED: ContentCarousel fixtures renders instance 4
PASSED: ContentCarousel fixtures renders instance 5
PASSED: ContentList fixtures renders instance 0
PASSED: ContentList fixtures renders instance 1
PASSED: FloatingSidebar fixtures renders instance 0
PASSED: LargeImageContentCarousel fixtures renders instance 0
PASSED: LearnStorm fixtures renders instance 0
PASSED: LearnStorm fixtures renders instance 1
PASSED: LearnStorm fixtures renders instance 2
PASSED: LearnStorm fixtures renders instance 3
PASSED: LearnStorm fixtures renders instance 4
PASSED: LearnStorm fixtures renders instance 5
PASSED: LearnStorm fixtures renders instance 6
PASSED: LearnStorm fixtures renders instance 7
PASSED: LearnStorm fixtures renders instance 8
PASSED: LearnStorm fixtures renders instance 9
PASSED: LearnStorm fixtures renders instance 10
PASSED: LearnStorm fixtures renders instance 11
PASSED: LearnStorm fixtures renders instance 12
PASSED: LearnStorm fixtures renders instance 13
PASSED: LearnStorm fixtures renders instance 14
PASSED: LearnStorm fixtures renders instance 15
PASSED: MissionProgress fixtures renders instance 0
PASSED: MissionProgress fixtures renders instance 1
PASSED: MissionProgress fixtures renders instance 2
PASSED: NextTab fixtures renders instance 0
PASSED: NextTab fixtures renders instance 1
PASSED: QuickLinks fixtures renders instance 0
PASSED: SubjectIntro fixtures renders instance 0
PASSED: SubjectIntro fixtures renders instance 1
PASSED: SubjectIntro fixtures renders instance 2
PASSED: TableOfContentsRow fixtures renders instance 0
PASSED: TableOfContentsRow fixtures renders instance 1
PASSED: TableOfContentsRow fixtures renders instance 2
PASSED: UpNext fixtures renders instance 0
PASSED: UpNext fixtures renders instance 1
PASSED: UpNext fixtures renders instance 2

javascript/corelibs-package/ka-define_test.js
-------------------------------------------------------------------------------
PASSED: KAdefine errors if the target isn't loaded
PASSED: KAdefine can require definitions set on exports
PASSED: KAdefine can require definitions set on module
PASSED: KAdefine resolves relative paths in require calls
PASSED: KAdefine only runs the module definition once when required
PASSED: KAdefine sets definition function 'this' to be 'window'
PASSED: KAdefine can require node_modules
PASSED: KAdefine can require node_modules index.js files
PASSED: KAdefine follows file rewrites
PASSED: KAdefine multiple file rewrites don't clash
PASSED: KAdefine .withVars variant works the same as vanilla require
PASSED: KAdefine circular requires return partially constructed modules
PASSED: KAdefine has a test-only ability to clear the module cache
PASSED: KAdefine require.async throws an error if no package was registered for the path
PASSED: KAdefine require.async works with 2 argument from KAdefine.require.async
PASSED: KAdefine require.async resolves relative paths
PASSED: KAdefine require.async can load CSS packages
PASSED: KAdefine require.async can load a mix of JS and CSS
PASSED: KAdefine require.async throws if CSS packages are not last
PASSED: KAdefine require.ifLoadedLegacy returns null if the target isn't loaded
PASSED: KAdefine require.ifLoadedLegacy can require definitions set on exports

javascript/dashboard-package/datastores/content-progress-store_test.js
-------------------------------------------------------------------------------
PASSED: ContentProgressStore should start off with no progress
PASSED: ContentProgressStore should get initial progress when a user mission is loaded
PASSED: ContentProgressStore should get update progress when new promotions are recieved
PASSED: ContentProgressStore should overwrite previous progress when new promotions are received

javascript/dashboard-package/fixtures_test.js
-------------------------------------------------------------------------------
PASSED: BibliotronHomepageWithNav fixtures renders instance 0

javascript/devadmin-package/fixtures_test.js
-------------------------------------------------------------------------------
PASSED: DashTableWrapper(LogTable) fixtures renders instance 0

javascript/editor-package/fixtures_test.js
-------------------------------------------------------------------------------
PASSED: ContentTagsTable fixtures renders instance 0
PASSED: SearchResultPreviewWidget fixtures renders instance 0

javascript/editor-package/operation-queue_test.js
-------------------------------------------------------------------------------
PASSED: OperationQueue .enqueueOperation should call save() immediately when nothing is in the queue
PASSED: OperationQueue .enqueueOperation should handle nested attributes
PASSED: OperationQueue .enqueueOperation should queue up multiple operations on different models
PASSED: OperationQueue .enqueueOperation should queue up multiple operations on the same model
PASSED: OperationQueue .enqueueOperation should handle a save error and clear errors on successful save
PASSED: OperationQueue .enqueueOperation should handle a conflict where conflict resolution succeeds
PASSED: OperationQueue .enqueueOperation should handle a conflict where conflict resolution fails

javascript/editor-package/revision-cache_test.js
-------------------------------------------------------------------------------
PASSED: RevisionCache .get should fetch an edit revision
PASSED: RevisionCache .get should fetch a live revision
PASSED: RevisionCache .get should cache revisions
PASSED: RevisionCache .get should error on a bad revision
PASSED: RevisionCache .get should error on missing content
PASSED: RevisionCache .get should error on server error
PASSED: RevisionCache .Model should fetch an edit revision
PASSED: RevisionCache .Model should error on missing content
PASSED: RevisionCache .LiveModel should fetch a live revision
PASSED: RevisionCache .LiveModel should error on missing content
PASSED: RevisionCache .preloadAll should cache all revisions
PASSED: RevisionCache .preloadAll should handle a missing revision table
PASSED: RevisionCache .preloadAll should silently ignore missing revisions

javascript/exercises-package/exercises_test.js
-------------------------------------------------------------------------------

javascript/flux-package/app-dispatcher_test.js
-------------------------------------------------------------------------------
PASSED: AppDispatcher handleViewAction dispatches an action with source VIEW_ACTION
PASSED: AppDispatcher handleViewAction throws if actionType is not defined
PASSED: AppDispatcher handleServerAction dispatches an action with source SERVER_ACTION
PASSED: AppDispatcher handleServerAction throws if actionType is not defined

javascript/flux-package/flux_test.js
-------------------------------------------------------------------------------
PASSED: Flux createStore creates stores that can have methods
PASSED: Flux createStore creates stores that can can list to and emit changes
PASSED: Flux createHandlerStore is impossible to access the handlers publicly
PASSED: Flux createHandlerStore handles events from the dispatcher with a matching handler
PASSED: Flux createHandlerStore defines a dispatcherIndex
PASSED: Flux createHandlerStore emits change if it has a matching handler by default
PASSED: Flux createHandlerStore has a mechanism to prevent emitting change
PASSED: Flux createHandlerStore doesn't throw when given an event it has no handler for
PASSED: Flux createHandlerStore throws if given duplicate handlers
PASSED: Flux createHandlerStore throws if given undefined constants
PASSED: Flux createConstants creates a map of constants with readable values
PASSED: Flux createConstants prevents mutation of the returned object

javascript/hover-card-package/hover-card_test.js
-------------------------------------------------------------------------------
PASSED: HoverCard createHoverCardQtip requests profile data

javascript/learn-storm-package/fixtures_test.js
-------------------------------------------------------------------------------
PASSED: CoachInfo fixtures renders instance 0
PASSED: CompletionPage fixtures renders instance 0
PASSED: KickoffInfoPage fixtures renders instance 0
PASSED: KickoffPledge fixtures renders instance 0
PASSED: LearnStormClassInfo fixtures renders instance 0
PASSED: LearnStormBanner fixtures renders instance 0
PASSED: LearnStormBanner fixtures renders instance 1

javascript/learn-storm-package/store_test.js
-------------------------------------------------------------------------------
PASSED: store regionDetails can set the loading state
PASSED: store regionDetails can set new data
PASSED: store signupStore can step back to the previous signup page
PASSED: store signupStore doesn't try to step back when there is no previous page
PASSED: store signupStore can transition from the lsRegion page
PASSED: store signupStore can transition from the studentInfo page
PASSED: store signupStore can transition from the selectSchool page
PASSED: store signupStore can transition to a page requested by the UI
PASSED: store signupStore can transition from the addSchool page
PASSED: store signupStore can transition from the addSchoolConfirmation page
PASSED: store signupStore stores the kaid of a LearnStorm Coach
PASSED: store signupStore validates coach info
PASSED: store signupStore validates school info
PASSED: store signupStore validates that a new school is in its region
PASSED: store signupStore clears information when the region is changed

javascript/learn-storm-shared-package/fixtures_test.js
-------------------------------------------------------------------------------
PASSED: Entry fixtures renders instance 0
PASSED: Entry fixtures renders instance 1
PASSED: Entry fixtures renders instance 2
PASSED: Entry fixtures renders instance 3
PASSED: Entry fixtures renders instance 4
PASSED: Entry fixtures renders instance 5
PASSED: Entry fixtures renders instance 6
PASSED: Entry fixtures renders instance 7
PASSED: Entry fixtures renders instance 8
PASSED: Entry fixtures renders instance 9
PASSED: Entry fixtures renders instance 10
PASSED: Entry fixtures renders instance 11
PASSED: Entry fixtures renders instance 12

javascript/login-package/fixtures_test.js
-------------------------------------------------------------------------------
LOG: JQMIGRATE: Logging is active
LOG: JQMIGRATE: jQuery.browser is deprecated
LOG: 
PASSED: BirthdayBlock fixtures renders instance 0
PASSED: FinalSplash fixtures renders instance 0
PASSED: FinalSplash fixtures renders instance 1
PASSED: FinalSplash fixtures renders instance 2
PASSED: FinalSplash fixtures renders instance 3
PASSED: FinalSplash fixtures renders instance 4
PASSED: FinalSplash fixtures renders instance 5
PASSED: FinalSplash fixtures renders instance 6
PASSED: AddChildForm fixtures renders instance 0
PASSED: ChildHasAccount fixtures renders instance 0
PASSED: ChildHasAccount fixtures renders instance 1
PASSED: HasEmailBlock fixtures renders instance 0
PASSED: Index fixtures renders instance 0
PASSED: InviteChildBlock fixtures renders instance 0
PASSED: UserCreationBlock fixtures renders instance 0
PASSED: UserCreationBlock fixtures renders instance 1
PASSED: OAuthApprovalForm fixtures renders instance 0
PASSED: QuestionTip fixtures renders instance 0
PASSED: QuestionTip fixtures renders instance 1
PASSED: QuestionTip fixtures renders instance 2
PASSED: WithHoverTip fixtures renders instance 0
PASSED: WithHoverTip fixtures renders instance 1

javascript/manticore-package/fixtures_test.js
-------------------------------------------------------------------------------
LOG: JQMIGRATE: Logging is active
PASSED: AsyncRenderer fixtures renders instance 0
PASSED: ManticoreEditor fixtures renders instance 0
PASSED: ManticoreEditor fixtures renders instance 1
PASSED: ManticoreEditor fixtures renders instance 2
PASSED: ManticoreExercisePatternTab fixtures renders instance 0
PASSED: ManticoreExercisePatternTab fixtures renders instance 1
PASSED: ManticoreExercisePatternTab fixtures renders instance 2
PASSED: ManticoreExercisePreviewTab fixtures renders instance 0
PASSED: ManticoreExercisePreviewTab fixtures renders instance 1
PASSED: ManticoreExercisePreviewTab fixtures renders instance 2
PASSED: ManticoreExercisePreviewTab fixtures renders instance 3
PASSED: ManticoreExercisePreview fixtures renders instance 0
PASSED: ManticoreExerciseSideBySideTab fixtures renders instance 0
PASSED: ManticoreExerciseSideBySideTab fixtures renders instance 1
PASSED: ManticoreExerciseSideBySideTab fixtures renders instance 2
PASSED: ManticoreExerciseTabBar fixtures renders instance 0
PASSED: ManticoreExerciseTabBar fixtures renders instance 1
PASSED: ManticoreExerciseTabBar fixtures renders instance 2
PASSED: ManticoreGroupHeader fixtures renders instance 0
PASSED: ManticoreGroupHeader fixtures renders instance 1
PASSED: ManticoreGroupHeader fixtures renders instance 2
PASSED: ManticoreGroupHeader fixtures renders instance 3
PASSED: ManticoreHeader fixtures renders instance 0
PASSED: ManticoreHeader fixtures renders instance 1
PASSED: ManticoreHeader fixtures renders instance 2
PASSED: ManticoreHeader fixtures renders instance 3
PASSED: ManticoreTableView fixtures renders instance 0

javascript/manticore-package/manticore-api_test.js
-------------------------------------------------------------------------------
PASSED: ManticoreApi getDescriptionsInTopic hits the endpoint
PASSED: ManticoreApi getExercises hits the endpoint
PASSED: ManticoreApi getPlatformStrings hits the endpoint
PASSED: ManticoreApi getScratchpadStrings hits the endpoint
PASSED: ManticoreApi getKhanExerciseStrings hits the endpoint

javascript/manticore-package/manticore-editor_test.jsx
-------------------------------------------------------------------------------
LOG: JQMIGRATE: Logging is active
PASSED: ManticoreEditor can render description translation
LOG: JQMIGRATE: Logging is active
PASSED: ManticoreEditor can render scratchpad translation
LOG: JQMIGRATE: Logging is active
PASSED: ManticoreEditor can render khan-exercise translation
LOG: JQMIGRATE: Logging is active
PASSED: ManticoreEditor can render exercise tab preview
LOG: JQMIGRATE: Logging is active
PASSED: ManticoreEditor can render exercise tab by-order
LOG: JQMIGRATE: Logging is active
PASSED: ManticoreEditor can render exercise tab by-pattern

javascript/manticore-package/manticore-exercise-editor_test.jsx
-------------------------------------------------------------------------------
LOG: JQMIGRATE: Logging is active
PASSED: ManticoreExerciseEditor Preview tab clicking show/hide all translations
PASSED: ManticoreExerciseEditor Preview tab should add smart suggestions
PASSED: ManticoreExerciseEditor Preview tab onboarding workflow
PASSED: ManticoreExerciseEditor Preview tab onboarding terminated
PASSED: ManticoreExerciseEditor Side-by-side tab clicking show/hide all translations
PASSED: ManticoreExerciseEditor Side-by-side tab adding smart translations
PASSED: ManticoreExerciseEditor Group-by-pattern tab clicking 'show/hide all translations' works
PASSED: ManticoreExerciseEditor Group-by-pattern tab adding smart suggestions

javascript/manticore-package/manticore-utils_test.js
-------------------------------------------------------------------------------
PASSED: getWordCounts works for fully untranslated items
PASSED: getWordCounts works for fully some translated items
PASSED: getWordCounts considers approved words as translated
PASSED: getWordCounts doesn't count loading and not found words to the total.
PASSED: stringToWordCount works for simple cases
PASSED: stringToWordCount returns 0 for the empty string
PASSED: stringToWordCount returns 0 for pure whitespace
PASSED: stringToWordCount collapses whitespace
PASSED: stringToWordCount splits on tabs
PASSED: stringToWordCount splits on newlines

javascript/mathletes-package/validate-email_test.js
-------------------------------------------------------------------------------
PASSED: validateEmail should return true for normal valid emails
PASSED: validateEmail should return false for invalid emails

javascript/mobile-shared-package/task-presenter_test.js
-------------------------------------------------------------------------------
PASSED: removeCompleted should not do anything when completed descriptors is empty
PASSED: removeCompleted should filter tasks if they are completed
PASSED: removeProgressInvalidated should not do anything when progress is empty
PASSED: removeProgressInvalidated should filter out system tasks which are practiced or above
PASSED: removeProgressInvalidated should not filter out system tasks which are below practiced
PASSED: removeProgressInvalidated should not filter out tasks which are not not system tasks
PASSED: removeHidden should not do anything when nothing is hidden
PASSED: removeHidden should filter out tasks which are hidden
PASSED: applyPrecedence should remove all mastery tasks if a booster task exists
PASSED: applyPrecedence should remove personal tasks which share content with coach tasks
PASSED: applyPrecedence should remove system tasks which share content with coach tasks or personal tasks
PASSED: maintainOrdering should have the following ordering when no past ordering is present: booster, mastery, coach, personal, system
PASSED: maintainOrdering should preserve ordering present in past, with new items appearing at the end of their group
PASSED: presentTasks should present tasks

javascript/notifications-package/fixtures_test.js
-------------------------------------------------------------------------------
PASSED: GridBox fixtures renders instance 0
PASSED: LearnStormCompletionNotification fixtures renders instance 0
PASSED: LearnStormTicketNotification fixtures renders instance 0

javascript/notifications-package/notifications_test.js
-------------------------------------------------------------------------------
LOG: JQMIGRATE: Logging is active
PASSED: Notifications getViewClass returns the most specific view for the model class
LOG: JQMIGRATE: Logging is active
PASSED: Notifications getViewClass returns defaultViewClass if it can't find a match
LOG: JQMIGRATE: Logging is active
PASSED: Notifications getTemplateInfo returns the most specific info for the model class
LOG: JQMIGRATE: Logging is active
PASSED: Notifications getTemplateInfo returns null when no template info is available

javascript/orphan-package/validate-email_test.js
-------------------------------------------------------------------------------
PASSED: validateEmail should return true for normal valid emails
PASSED: validateEmail should return false for invalid emails

javascript/page-package/fixtures_test.js
-------------------------------------------------------------------------------
PASSED: DownCaret fixtures renders instance 0
PASSED: DropdownButton fixtures renders instance 0
PASSED: Footer fixtures renders instance 0
PASSED: HeaderDropdown fixtures renders instance 0
PASSED: HeaderDropdown fixtures renders instance 1
PASSED: Header fixtures renders instance 0
PASSED: Header fixtures renders instance 1
PASSED: Header fixtures renders instance 2
PASSED: Header fixtures renders instance 3
PASSED: Header fixtures renders instance 4
PASSED: Header fixtures renders instance 5
PASSED: Header fixtures renders instance 6
PASSED: Header fixtures renders instance 7
PASSED: Header fixtures renders instance 8
PASSED: Header fixtures renders instance 9
PASSED: Header fixtures renders instance 10
PASSED: Header fixtures renders instance 11
PASSED: Header fixtures renders instance 12
PASSED: Header fixtures renders instance 13
PASSED: HeaderLink fixtures renders instance 0
PASSED: HeaderLink fixtures renders instance 1
PASSED: HeaderLink fixtures renders instance 2
PASSED: HeaderLink fixtures renders instance 3
PASSED: HeaderLogo fixtures renders instance 0
PASSED: HeaderSearchBox fixtures renders instance 0
PASSED: LearnMenu fixtures renders instance 0
PASSED: LearnMenu fixtures renders instance 1
PASSED: LearnMenu fixtures renders instance 2
PASSED: LearnMenu fixtures renders instance 3
PASSED: LearnMenu fixtures renders instance 4
PASSED: LearnMenu fixtures renders instance 5
PASSED: MenuAim fixtures renders instance 0
PASSED: NotificationsDropdown fixtures renders instance 0
PASSED: NotificationsDropdown fixtures renders instance 1
PASSED: NotificationsDropdown fixtures renders instance 2
PASSED: NotificationsDropdown fixtures renders instance 3
PASSED: NotificationsDropdown fixtures renders instance 4
PASSED: NotificationsDropdown fixtures renders instance 5
PASSED: NotificationsDropdown fixtures renders instance 6
PASSED: NotificationsDropdown fixtures renders instance 7
PASSED: NotificationsTeaser fixtures renders instance 0
PASSED: ProfileDropdown fixtures renders instance 0
PASSED: ProfileDropdown fixtures renders instance 1
PASSED: ProfileDropdown fixtures renders instance 2
PASSED: ProfileDropdown fixtures renders instance 3
PASSED: ProfileDropdown fixtures renders instance 4
PASSED: ProfileDropdown fixtures renders instance 5
PASSED: ProfileDropdown fixtures renders instance 6
PASSED: ResponsiveNavMenu fixtures renders instance 0
PASSED: ResponsiveNavMenu fixtures renders instance 1
PASSED: ResponsiveNavMenu fixtures renders instance 2
PASSED: StatefulHeaderWrapper fixtures renders instance 0

javascript/page-package/store_test.js
-------------------------------------------------------------------------------
PASSED: store notifications marks that notifications are loading
PASSED: store notifications adds loaded notifications to the list of notifications
PASSED: store notifications marks that notifications aren't loadoing when they load
PASSED: store notifications adds new notifications when ones have already been loaded
PASSED: store notifications doesn't add new notifications if none have been loaded
PASSED: store notifications adds new notifs if notifs were loaded but there were none
PASSED: store notifications increments the new notif count when new notifs are added
PASSED: store notifications doesn't fail if there are no notifications
PASSED: store notifications adds a teaser from the first new notification
PASSED: store notifications clears the teaser
PASSED: store notifications clears the new notifification count
PASSED: store missionData marks that mission data is being loaded
PASSED: store missionData marks that mission data is done loading
PASSED: store missionData loads and transforms missions

javascript/parent-package/fixtures_test.js
-------------------------------------------------------------------------------
PASSED: AddChildWidget fixtures renders instance 0
PASSED: ChildPicker fixtures renders instance 0

javascript/parent-package/match-user_test.js
-------------------------------------------------------------------------------
PASSED: matchUser() should match a username
PASSED: matchUser() should reject a non-match
PASSED: matchUser() should match a nickname
PASSED: matchUser() should match an email

javascript/perseus-admin-package/calculate-perseus-version_test.js
-------------------------------------------------------------------------------
LOG: JQMIGRATE: Logging is active
PASSED: perseus-admin calculatePerseusVersion should return 0 for an item with no widgets
PASSED: perseus-admin calculatePerseusVersion should return 0 for an item with version 0 widgets
PASSED: perseus-admin calculatePerseusVersion should return 1 for an item with version 1 widgets
PASSED: perseus-admin calculatePerseusVersion should return null for an item with impossible widgets
PASSED: perseus-admin calculatePerseusVersion should return null for an item with a future widgets
PASSED: perseus-admin calculatePerseusVersion should return null for an item with a future widget 2

javascript/perseus-one-package/exercise-store_test.js
-------------------------------------------------------------------------------
PASSED: ExerciseStore should initialize
PASSED: ExerciseStore should dedup

javascript/perseus-one-package/item-store_test.js
-------------------------------------------------------------------------------
PASSED: ItemStore should initialize
PASSED: ItemStore generates unique ids
PASSED: ItemStore generates unique names
PASSED: ItemStore creates new items

javascript/perseus-one-package/util_test.js
-------------------------------------------------------------------------------
PASSED: clamp should return unchanged a value within bounds
PASSED: clamp should return unchanged a value equal to a bound
PASSED: clamp should return the upper or lower bound when clamping
PASSED: generateUnusedName should count up from the prefix
PASSED: toTitleCase should capitalize the beginning of words

javascript/polyfill-sanity_test.js
-------------------------------------------------------------------------------
PASSED: Polyfill Sanity Checks Array Array.of
PASSED: Polyfill Sanity Checks Array Array.prototype.fill
PASSED: Polyfill Sanity Checks Array Array.prototype.find
PASSED: Polyfill Sanity Checks Array Array.prototype.findIndex
PASSED: Polyfill Sanity Checks Array Array.prototype.includes
PASSED: Polyfill Sanity Checks Object Object.assign
PASSED: Polyfill Sanity Checks Object Object.values
PASSED: Polyfill Sanity Checks Object Object.entries
LOG: a
PASSED: Polyfill Sanity Checks Symbol using a symbol as a computed property
LOG: 5
LOG: 10
PASSED: Polyfill Sanity Checks Iteration iterating over Object.values
LOG: x = 5
LOG: y = 10
PASSED: Polyfill Sanity Checks Iteration iterating over Object.entries
LOG: 1
LOG: 2
LOG: 3
PASSED: Polyfill Sanity Checks Iteration iterating over arrays

javascript/profile-nav-package/fixtures_test.js
-------------------------------------------------------------------------------
PASSED: ProfileNav fixtures renders instance 0
PASSED: ProfileNav fixtures renders instance 1
PASSED: UserCardView fixtures renders instance 0
PASSED: UserCardView fixtures renders instance 1

javascript/profile-nav-package/interval-list_test.js
-------------------------------------------------------------------------------
PASSED: intervalLength returns 1 when starts and ends on the same day
PASSED: intervalLength returns 2 for a two-day interval
PASSED: intervalLength returns a negative length for negative intervals
PASSED: overlaps not with an empty history
PASSED: overlaps not for the prior day
PASSED: overlaps does just before the start, but on the same day
PASSED: overlaps does just after the start
PASSED: overlaps does near the start
PASSED: overlaps does at the middle
PASSED: overlaps does near the end
PASSED: overlaps does just before the end
PASSED: overlaps does just after the end, but on the same day
PASSED: overlaps not on the next day
PASSED: overlaps not in the future

javascript/profile-nav-package/streak-prop-types_test.js
-------------------------------------------------------------------------------
PASSED: StreakPropTypes moment prop type undefined is not a strict moment
PASSED: StreakPropTypes moment prop type undefined is a non-strict moment
PASSED: StreakPropTypes moment prop type null is not a strict moment
PASSED: StreakPropTypes moment prop type null is a non-strict moment
PASSED: StreakPropTypes moment prop type date as string is not a moment
PASSED: StreakPropTypes moment prop type JS date is not a moment
PASSED: StreakPropTypes moment prop type moments are moments
PASSED: StreakPropTypes moment prop type lists of moments are not moments
PASSED: StreakPropTypes interval prop type undefined is not a strict interval
PASSED: StreakPropTypes interval prop type undefined is a non-strict interval
PASSED: StreakPropTypes interval prop type null is not a strict interval
PASSED: StreakPropTypes interval prop type null is a non-strict interval
PASSED: StreakPropTypes interval prop type moments are not intervals
PASSED: StreakPropTypes interval prop type moment arrays of length 1 are not intervals
PASSED: StreakPropTypes interval prop type moment arrays of length 2 are intervals
PASSED: StreakPropTypes interval prop type moment arrays of length 3 are not intervals
PASSED: StreakPropTypes interval prop type string arrays of length 2 are not intervals
PASSED: StreakPropTypes history prop type undefined is not a strict history object
PASSED: StreakPropTypes history prop type undefined is a non-strict history object
PASSED: StreakPropTypes history prop type null is not a strict history object
PASSED: StreakPropTypes history prop type null is a non-strict history object
PASSED: StreakPropTypes history prop type an empty array is a history object
PASSED: StreakPropTypes history prop type an empty 2-array is not a history object
PASSED: StreakPropTypes history prop type a one-element 2-array of strings is not a history object
PASSED: StreakPropTypes history prop type a one-element 2-array of moments is a history object
PASSED: StreakPropTypes history prop type it's okay to have non-overlapping intervals
PASSED: StreakPropTypes history prop type it's okay to have more non-overlapping intervals
PASSED: StreakPropTypes history prop type it's okay to have overlapping intervals even if their interiors don't overlap
PASSED: StreakPropTypes history prop type it's not okay to have overlapping intervals especially if their intersection has non-empty interior

javascript/profile-nav-package/streak-util_test.js
-------------------------------------------------------------------------------
PASSED: StreakUtil #computeStreakFromLastWork should be hot if your last work was today
PASSED: StreakUtil #computeStreakFromLastWork should be dwindling if your last work was yesterday
PASSED: StreakUtil #computeStreakFromLastWork should be zero if your last work was two days ago
PASSED: StreakUtil #computeStreakFromLastWork should be dwindling if you last did work in the future
PASSED: StreakUtil #computeStreakFromHistory should be zero for an empty history
PASSED: StreakUtil #computeStreakFromHistory should be hot on a singleton today
PASSED: StreakUtil #computeStreakFromHistory should be dwindling on a singleton yesterday
PASSED: StreakUtil #computeStreakFromHistory should be expired on a singleton two days ago
PASSED: StreakUtil #computeStreakFromHistory should only take the current streak into account
PASSED: StreakUtil #computeStreakFromHistory should account for work done today and in the future
PASSED: StreakUtil #computeStreakFromHistory should account for work done in the future but not today
PASSED: StreakUtil #computeStreakFromHistory should account for work done in past, present, and future
PASSED: StreakUtil #computeStreakFromHistory should account for work done in past and future but not today
PASSED: StreakUtil #momentify should not change the empty list
PASSED: StreakUtil #momentify should not change the list of the empty list
PASSED: StreakUtil #momentify should convert strings to moments
PASSED: StreakUtil #momentify should clone existing moments

javascript/profile-package/fixtures_test.js
-------------------------------------------------------------------------------
PASSED: ProgressWidget fixtures renders instance 0
PASSED: ProgressWidget fixtures renders instance 1
PASSED: ProgressWidget fixtures renders instance 2
PASSED: FutureWeek fixtures renders instance 0
PASSED: FutureWeek fixtures renders instance 1
PASSED: FutureWeek fixtures renders instance 2
PASSED: FutureWeek fixtures renders instance 3
PASSED: IndividualRace fixtures renders instance 0
PASSED: IndividualRace fixtures renders instance 1
PASSED: MathMarathon fixtures renders instance 0
PASSED: MindsetMarathon fixtures renders instance 0
PASSED: Race fixtures renders instance 0
PASSED: Race fixtures renders instance 1
PASSED: Race fixtures renders instance 2
PASSED: Race fixtures renders instance 3
PASSED: SchoolRace fixtures renders instance 0
PASSED: SchoolRace fixtures renders instance 1
PASSED: SchoolRace fixtures renders instance 2
PASSED: SchoolRace fixtures renders instance 3
PASSED: StudentMessage fixtures renders instance 0
PASSED: StudentMessage fixtures renders instance 1
PASSED: StudentMessage fixtures renders instance 2
PASSED: StudentProgress fixtures renders instance 0
PASSED: StreakInterval fixtures renders instance 0
PASSED: StreakInterval fixtures renders instance 1
PASSED: StreakInterval fixtures renders instance 2
PASSED: StreakInterval fixtures renders instance 3
PASSED: StreakInterval fixtures renders instance 4
PASSED: StreakInterval fixtures renders instance 5
PASSED: StreakInterval fixtures renders instance 6
PASSED: StreakInterval fixtures renders instance 7
PASSED: StreakInterval fixtures renders instance 8
PASSED: StreakInterval fixtures renders instance 9
PASSED: StreakInterval fixtures renders instance 10
PASSED: StreakInterval fixtures renders instance 11
PASSED: StreakInterval fixtures renders instance 12
PASSED: StreakInterval fixtures renders instance 13
PASSED: StreakInterval fixtures renders instance 14
PASSED: StreakInterval fixtures renders instance 15
PASSED: StreakInterval fixtures renders instance 16
PASSED: StreakInterval fixtures renders instance 17
PASSED: StreakWidget fixtures renders instance 0
PASSED: StreakWidget fixtures renders instance 1
PASSED: StreakWidget fixtures renders instance 2
PASSED: StreakWidget fixtures renders instance 3
PASSED: StreakWidget fixtures renders instance 4
PASSED: StreakWidget fixtures renders instance 5
PASSED: StreakWidget fixtures renders instance 6
PASSED: StreakWidget fixtures renders instance 7
PASSED: StreakWidget fixtures renders instance 8
PASSED: StreakWidget fixtures renders instance 9
PASSED: StreakWidget fixtures renders instance 10

javascript/profile-reports-package/checkbox_test.jsx
-------------------------------------------------------------------------------
ERROR: ReferenceError: Can't find variable: garbage
    genfiles/readable_js_bundles_test/en/javascript/testindex.bundle.js: 8772
    genfiles/readable_js_bundles_test/en/javascript/testindex.bundle.js: 1325
    genfiles/readable_js_bundles_test/en/javascript/testindex.bundle.js: 1358(in function &quot;absoluteRequire&quot;)
    genfiles/readable_js_bundles_test/en/javascript/testindex.bundle.js: 1409(in function &quot;req&quot;)
    genfiles/readable_js_bundles_test/en/javascript/testindex.bundle.js: 1811
    : 0(in function &quot;forEach&quot;)
    genfiles/readable_js_bundles_test/en/javascript/testindex.bundle.js: 1810(in function &quot;run&quot;)
    testutil/javascript/browser_runner.html: 35(in function &quot;onload&quot;)

javascript/projectfeedback-package/projectfeedback-form_test.jsx
-------------------------------------------------------------------------------
LOG: JQMIGRATE: Logging is active
LOG: soundManager: Flash URL required. Call soundManager.setup({url:...}) to get started.
PASSED: ProjectEvaluationArea returns expected values for empty collection
PASSED: ProjectEvaluationArea returns expected values for non-empty collection
PASSED: ProjectEvaluationArea returns expected values for collection with 2 evals
PASSED: ProjectEvaluationArea can be used to do self eval for non peer-evaled project
LOG: JQMIGRATE: jQuery.parseJSON requires a valid JSON string
LOG: 
PASSED: ProjectEvaluationArea can be used to do self eval for peer-evaled project
PASSED: ProjectEvaluationArea will warn about too many requests
PASSED: ProjectEvaluationArea won't show any review area for non-peer-evaled projects
PASSED: ProjectEvaluationArea will show review area for self-evaled project w/open req
PASSED: ProjectEvaluationArea can be used to submit evals for peer-evaled project
PASSED: ProjectEvaluationArea can be used to submit fail eval for peer-evaled project
PASSED: ProjectEvaluationArea shows feedback for peer-evaled project
PASSED: ProjectEvaluationArea shows failed feedback for peer-evaled project
PASSED: ProjectEvaluationArea shows marked as complete for self-evaled project

javascript/promos-package/promos_test.js
-------------------------------------------------------------------------------
PASSED: Promos hasUserSeen responds that the user has seen a promo correctly
PASSED: Promos hasUserSeen caches the result of seeing a promo
PASSED: Promos hasUserSeen responds that a promo has been seen when there's a network error
PASSED: Promos markAsSeen sends a request to mark a promo as seen

javascript/react-package/fixtures_test.js
-------------------------------------------------------------------------------
PASSED: KUISurvey fixtures renders instance 0
PASSED: KUISurvey fixtures renders instance 1
PASSED: KUISurvey fixtures renders instance 2
PASSED: KUISurvey fixtures renders instance 3
PASSED: KUISurvey fixtures renders instance 4
PASSED: KUISurvey fixtures renders instance 5
PASSED: KUIValidatedField fixtures renders instance 0

javascript/react-package/kui/button_test.jsx
-------------------------------------------------------------------------------
PASSED: KUIButton renders the given label
PASSED: KUIButton renders the given label for the href button
PASSED: KUIButton calls the onClick callback on click
PASSED: KUIButton calls the href onClick callback on click
PASSED: KUIButton does not call the onClick callback when disabled
PASSED: KUIButton does not call the href onClick callback when disabled

javascript/react-package/kui/validated-field_test.jsx
-------------------------------------------------------------------------------
PASSED: KUIValidatedField Should render!
PASSED: KUIValidatedField Should show an error for invalid input!
PASSED: KUIValidatedField Should not show an error for valid input!
PASSED: KUIValidatedField Should only call the change handler on valid input

javascript/sat-mission-package/components/overview-ctas/overview-cta-util_test.js
-------------------------------------------------------------------------------
PASSED: OverviewCtaUtil.getReadableDate deals with a normal time
PASSED: OverviewCtaUtil.getReadableDate deals properly with noon
PASSED: OverviewCtaUtil.getReadableDate deals properly with midnight

javascript/sat-mission-package/fixtures_test.js
-------------------------------------------------------------------------------
PASSED: ContactUsCard fixtures renders instance 0
PASSED: DomainLevelsCard fixtures renders instance 0
PASSED: DomainLevelsCard fixtures renders instance 1
PASSED: DomainLevelsCard fixtures renders instance 2
PASSED: DomainLevelsCard fixtures renders instance 3
PASSED: ExamScoresCard fixtures renders instance 0
PASSED: ExamScoresCard fixtures renders instance 1
PASSED: ExamScoresCard fixtures renders instance 2
PASSED: ExamScoresCard fixtures renders instance 3
PASSED: ExamScoresCard fixtures renders instance 4
PASSED: ExamScoresCard fixtures renders instance 5
PASSED: ExamScoresCard fixtures renders instance 6
PASSED: ExamScoresCard fixtures renders instance 7
PASSED: ExamScoresCard fixtures renders instance 8
PASSED: ExamScoresCard fixtures renders instance 9
PASSED: ExamScoresCard fixtures renders instance 10
PASSED: OverviewCard fixtures renders instance 0
PASSED: SignInToCbCard fixtures renders instance 0
PASSED: SignInToCbCard fixtures renders instance 1
PASSED: SignInToCbCard fixtures renders instance 2
PASSED: SignInToCbCard fixtures renders instance 3
PASSED: SignInToCbCard fixtures renders instance 4
PASSED: SignInToCbCard fixtures renders instance 5
PASSED: SignInToCbCard fixtures renders instance 6
PASSED: SignInToCbCard fixtures renders instance 7
PASSED: SignInToCbCard fixtures renders instance 8
PASSED: AnswerQuestionsCta fixtures renders instance 0
PASSED: AnswerQuestionsCta fixtures renders instance 1
PASSED: ChooseScheduleCta fixtures renders instance 0
PASSED: DefaultPracticeCta fixtures renders instance 0
PASSED: FirstDayDoneCta fixtures renders instance 0
PASSED: FirstDiagnosticCta fixtures renders instance 0
PASSED: FreeDayCta fixtures renders instance 0
PASSED: FreeDayCta fixtures renders instance 1
PASSED: LinkingSpinnerCtaDemo fixtures renders instance 0
PASSED: LinkingSpinnerCta fixtures renders instance 0
PASSED: LinkingSpinnerCta fixtures renders instance 1
PASSED: OverviewCta fixtures renders instance 0
PASSED: QuestionsAnsweredCta fixtures renders instance 0
PASSED: Scantron fixtures renders instance 0
PASSED: Scantron fixtures renders instance 1
PASSED: Scantron fixtures renders instance 2
PASSED: Scantron fixtures renders instance 3
PASSED: Scantron fixtures renders instance 4
PASSED: Scantron fixtures renders instance 5
PASSED: Scantron fixtures renders instance 6
PASSED: TakeExamCta fixtures renders instance 0
PASSED: TodayFieldsCta fixtures renders instance 0
PASSED: TodayFieldsCta fixtures renders instance 1
PASSED: TodayFieldsCta fixtures renders instance 2
PASSED: TodayFieldsCta fixtures renders instance 3
PASSED: TodayFieldsCta fixtures renders instance 4
PASSED: TodayFieldsCta fixtures renders instance 5
PASSED: TodayFieldsCta fixtures renders instance 6
PASSED: TodayFieldsCta fixtures renders instance 7
PASSED: TodayFieldsCta fixtures renders instance 8
PASSED: ReportIssueContainer fixtures renders instance 0
PASSED: RotateBanner fixtures renders instance 0
PASSED: SatVideoModal fixtures renders instance 0

javascript/scratchpad-project-editor-package/fixtures_test.js
-------------------------------------------------------------------------------
PASSED: ProjectEditor fixtures renders instance 0
PASSED: ProjectRubricEditor fixtures renders instance 0

javascript/scratchpads-package/fixtures_test.js
-------------------------------------------------------------------------------
LOG: JQMIGRATE: Logging is active
LOG: JQMIGRATE: jQuery.browser is deprecated
LOG: 
PASSED: DevControls fixtures renders instance 0

javascript/search-package/fixtures_test.js
-------------------------------------------------------------------------------
PASSED: GoogleCustomSearchResults fixtures renders instance 0
PASSED: GoogleCustomSearchResults fixtures renders instance 1
PASSED: GoogleCustomSearchResults fixtures renders instance 2
PASSED: GoogleCustomSearchResults fixtures renders instance 3

javascript/session-survey-package/session-survey_test.js
-------------------------------------------------------------------------------
PASSED: SessionSurvey Calls /ping when focused

javascript/shared-package/analytics_test.js
-------------------------------------------------------------------------------
PASSED: Analytics reportTiming sends timing data to graphite
PASSED: Analytics reportTiming sends the stats prefix and request log id
PASSED: Analytics reportTimingToGraphiteAndGA sends timing data for the requested metric

javascript/shared-package/api-action-results_test.js
-------------------------------------------------------------------------------
PASSED: APIActionResults jQuery ajaxComplete hook reacts if actionResults are in an API response
PASSED: APIActionResults jQuery ajaxComplete hook reacts if action_results are in an API response
PASSED: APIActionResults jQuery ajaxComplete hook notifies if theres an API version mismatch
PASSED: APIActionResults jQuery beforeSend hook attaches a lang parameter to the query params
PASSED: APIActionResults jQuery beforeSend hook does not override an existing lang parameter
PASSED: APIActionResults jQuery beforeSend hook adds a cache busting param for API calls
PASSED: APIActionResults jQuery beforeSend hook replaces an existing _ param with a newer one
PASSED: APIActionResults jQuery beforeSend hook doesn't add a cache busting param for non-API calls
PASSED: APIActionResults jQuery beforeSend hook adds an XSRF key to API calls
PASSED: APIActionResults khanFetch attaches a lang parameter to the query params
PASSED: APIActionResults khanFetch does not override an existing lang parameter
PASSED: APIActionResults khanFetch adds a cache busting param for API calls
PASSED: APIActionResults khanFetch replaces an existing _ param with a newer one
PASSED: APIActionResults khanFetch doesn't add a cache busting param for non-API calls
PASSED: APIActionResults khanFetch adds an XSRF key to API calls
PASSED: APIActionResults khanFetch reacts if actionResults are in an API response
PASSED: APIActionResults khanFetch reacts if action_results are in an API response
PASSED: APIActionResults khanFetch notifies if theres an API version mismatch
PASSED: APIActionResults .register registers a callback fired on API responses

javascript/shared-package/bigbingo_test.js
-------------------------------------------------------------------------------
PASSED: BigBingo markConversions sends a request with the given conversion
PASSED: BigBingo markConversionsWithProduct sends a request with the correct data
PASSED: BigBingo abTest sends a request for the A/B test

javascript/shared-package/cookies_test.js
-------------------------------------------------------------------------------
PASSED: Cookies createCookie can write a cookie with no expiry
PASSED: Cookies createCookie can write a cookie that expires in 7 days
PASSED: Cookies eraseCookie erases cookies by name

javascript/shared-package/handlebars-extras_test.js
-------------------------------------------------------------------------------
PASSED: Handlebars extras invokePartial works
PASSED: Handlebars extras Handlebars.VM.invokePartial override works without registration for pkg-name_template-name templates
PASSED: Handlebars extras Handlebars.VM.invokePartial override allows manual registration

javascript/shared-package/header-topic-browser_test.js
-------------------------------------------------------------------------------
PASSED: HeaderTopicBrowser fetchMissionPercentages requests mission percentages
PASSED: HeaderTopicBrowser fetchMissionPercentages returns the mission percentages

javascript/shared-package/i18n_test.js
-------------------------------------------------------------------------------
PASSED: i18n i18n._()
PASSED: i18n $_()
PASSED: i18n i18n.ngettext()
PASSED: i18n i18n.ngettext('zh')
PASSED: i18n i18n.ngettext('pl')
PASSED: i18n i18n.i18nDoNotTranslate()
PASSED: i18n i18n.ngetpos()
PASSED: i18n i18n.ngetpos('zh')
PASSED: i18n i18n.ngetpos('pl')
PASSED: i18n i18n.localeToFixed()
PASSED: i18n i18n.localeToFixed(el)

javascript/shared-package/ka-client-timing_test.js
-------------------------------------------------------------------------------
PASSED: KAClientTiming wallTime returns 0 for no arguments
PASSED: KAClientTiming wallTime handles non-overlapping timings
PASSED: KAClientTiming wallTime handles overlapping timings

javascript/shared-package/ka_test.js
-------------------------------------------------------------------------------
PASSED: KA getUserProfile creates a profile if there is data
PASSED: KA getUserProfile returns the same profile if it already created one
PASSED: KA getUserProfile returns null if there is no data
PASSED: KA setUserProfile sets data on the profile if there already is one
PASSED: KA setUserProfile creates a new profile if there isn't one
PASSED: KA profile change listeners trigger when the profile changes in setUserProfile
PASSED: KA profile change listeners trigger when the profile is created in getUserProfile
PASSED: KA profile change listeners trigger when the profile is created in setUserProfile
PASSED: KA profile change listeners trigger when the profile is changed not in setUserProfile
PASSED: KA profile change listeners removes change listeners
PASSED: KA profile change listeners doesn't add duplicate change listeners

javascript/shared-package/khan-fetch_test.js
-------------------------------------------------------------------------------
PASSED: khanFetch fetching fetches data
PASSED: khanFetch sendCookies hook adds cookies by default to requests
PASSED: khanFetch sendCookies hook doesn't modify requests that always want cookies
PASSED: khanFetch checkStatus hook ignores responses with 2xx statuses
PASSED: khanFetch checkStatus hook rejects responses with non-2xx statuses
PASSED: khanFetch modifying requests keeps the body of the request
PASSED: khanFetch checkApiResponse hook calls the APIActionResults function

javascript/shared-package/local-store_test.js
-------------------------------------------------------------------------------
PASSED: LocalStore .set should set retrievable values
PASSED: LocalStore .get should return null when retrieving a nonexistent key
PASSED: LocalStore .del should be able to delete keys
PASSED: LocalStore .del should be idempotent
PASSED: LocalStore versioned values should be pegged against both keyname and version number

javascript/shared-package/package-manager_test.js
-------------------------------------------------------------------------------
PASSED: PackageManager should throw if package is not registered
PASSED: PackageManager should work if package is registered with registerManifests
PASSED: PackageManager should work if package is registered with registerDynamic
PASSED: PackageManager should insert a style tag for CSS deps
PASSED: PackageManager before manifests get registered should be able to load packages reigstered afterwards
PASSED: PackageManager with manifests registered should execute dependencies in order
PASSED: PackageManager with manifests registered properly handles cycles
PASSED: PackageManager with manifests registered properly handles multiple requires with same deps
PASSED: PackageManager with manifests registered should load all requested packages
PASSED: PackageManager with manifests registered does not double load or double execute packages
PASSED: PackageManager with manifests registered does not send a request if a package is loaded

javascript/shared-package/profile-model_test.js
-------------------------------------------------------------------------------
PASSED: ProfileModel .initialize instantiates a user profile from an object
PASSED: ProfileModel .initialize instantiates a phantom profile from an object
PASSED: ProfileModel .initialize has reasonable defaults
PASSED: ProfileModel .save saves the fields it's supposed to
PASSED: ProfileModel .save can override default attributes
PASSED: ProfileModel .save parses action-results properly
PASSED: ProfileModel .toJSON expands everything to be the original object
PASSED: ProfileModel .toJSON correctly expands when no location is set
PASSED: ProfileModel .toJSON expands correctly when a user has affiliations
PASSED: ProfileModel .storeState and .restoreState correctly overrides simple changes
PASSED: ProfileModel .storeState and .restoreState correctly overrides a fetchFull
PASSED: ProfileModel .fetchFull loads a model via the API
PASSED: ProfileModel .fetchFull does not fetch if it is already loaded
PASSED: ProfileModel .validateNickname allows normal nicknames
PASSED: ProfileModel .validateNickname disallows empty nicknames
PASSED: ProfileModel .validateUsername allows available usernames
PASSED: ProfileModel .validateUsername disallows unavailable usernames
PASSED: ProfileModel .validateUsername disallows invalid usernames
PASSED: ProfileModel .validateUsername special-cases the current user's username

javascript/shared-package/typeahead-loader_test.js
-------------------------------------------------------------------------------
PASSED: TypeaheadLoader init loads suggestions after 2 seconds

javascript/shared-package/visit-tracking_test.js
-------------------------------------------------------------------------------
PASSED: VisitTracking trackVisit does nothing if KA.INITIALIZED is false
PASSED: VisitTracking trackVisit does nothing if cookies are disabled
PASSED: VisitTracking trackVisit if no cookie is set sets a cookie
PASSED: VisitTracking trackVisit if no cookie is set does not mark conversions
PASSED: VisitTracking trackVisit if the cookie is set and is less than 30 minutes old does not update the cookie
PASSED: VisitTracking trackVisit if the cookie is set and is less than 30 minutes old does not mark conversions
PASSED: VisitTracking trackVisit if the cookie is set and is between 30 minutes and 3 hours old updates the cookie
PASSED: VisitTracking trackVisit if the cookie is set and is between 30 minutes and 3 hours old does not mark conversions
PASSED: VisitTracking trackVisit if the cookie is set and is more than 3 hours old for pre_phantom users marks 2 conversions
PASSED: VisitTracking trackVisit if the cookie is set and is more than 3 hours old for pre_phantom users updates the cookie
PASSED: VisitTracking trackVisit if the cookie is set and is more than 3 hours old for phantom users marks 2 conversions
PASSED: VisitTracking trackVisit if the cookie is set and is more than 3 hours old for phantom users updates the cookie
PASSED: VisitTracking trackVisit if the cookie is set and is more than 3 hours old for recently signed up users marks 3 conversions
PASSED: VisitTracking trackVisit if the cookie is set and is more than 3 hours old for recently signed up users updates the cookie
PASSED: VisitTracking trackVisit if the cookie is set and is more than 3 hours old for users who signed up &gt; a week ago marks 2 conversions
PASSED: VisitTracking trackVisit if the cookie is set and is more than 3 hours old for users who signed up &gt; a week ago updates the cookie
PASSED: VisitTracking trackVisit if the cookie is set and is more than 3 hours old for child accounts marks 2 conversions
PASSED: VisitTracking trackVisit if the cookie is set and is more than 3 hours old for child accounts updates the cookie
PASSED: VisitTracking trackVisit if the cookie is set and is more than 3 hours old for child accounts hits the API

javascript/shared-styles-package/fixtures_test.js
-------------------------------------------------------------------------------
PASSED: Icon fixtures renders instance 0
PASSED: Icon fixtures renders instance 1
PASSED: Icon fixtures renders instance 2

javascript/tasks-package/completion-criteria_test.js
-------------------------------------------------------------------------------
PASSED: CompletionCriteria .fromServerJson parses num_correct_in_a_row
PASSED: CompletionCriteria .fromServerJson parses num_problems
PASSED: CompletionCriteria .fromServerJson parses first_x_or_num_correct_in_a_row
PASSED: CompletionCriteria .fromServerJson parses x_of_the_last_y
PASSED: CompletionCriteria .fromServerJson parses finish_video
PASSED: CompletionCriteria .fromServerJson parses reach_end_of_video
PASSED: CompletionCriteria .FinishVideo is satisfied when a video is mostly finished
PASSED: CompletionCriteria .ReachEndOfVideo is satisfied when a user reaches the end of a video
PASSED: CompletionCriteria .NumProblemsDone is satisfied by correct answers
PASSED: CompletionCriteria .NumProblemsDone is satisfied by incorrect answer
PASSED: CompletionCriteria .NumProblemsDone .create returns a NumProblemsDone instance
PASSED: CompletionCriteria .NumCorrectInARow is satisfied by a streak up front
PASSED: CompletionCriteria .NumCorrectInARow is satisfied by a streak at the end
PASSED: CompletionCriteria .NumCorrectInARow is not satisfied by scattered correct problems
PASSED: CompletionCriteria .NumCorrectInARow .create returns a NumCorrectInARow instance
PASSED: CompletionCriteria .FirstXOrNumCorrectInARow is satisfied when the first x are correct
PASSED: CompletionCriteria .FirstXOrNumCorrectInARow is satisfied when longest streak passes a threshold
PASSED: CompletionCriteria .FirstXOrNumCorrectInARow .create returns a FirstXOrNumCorrectInARow instance
PASSED: CompletionCriteria .XOfTheLastY is satisfied by a streak up front
PASSED: CompletionCriteria .XOfTheLastY is satisfied by a streak at the end
PASSED: CompletionCriteria .XOfTheLastY is satisfied without a streak
PASSED: CompletionCriteria .XOfTheLastY can stop being satisfied after being satisfied
PASSED: CompletionCriteria .XOfTheLastY .create returns a XOfTheLastY instance

javascript/tasks-package/learning-task_test.js
-------------------------------------------------------------------------------
PASSED: LearningTask initializes with sane defaults

javascript/topic-package/fixtures_test.js
-------------------------------------------------------------------------------
PASSED: MissionUpsell fixtures renders instance 0
PASSED: MissionUpsell fixtures renders instance 1
PASSED: MissionUpsell fixtures renders instance 2

javascript/topic-package/formatting-utils_test.js
-------------------------------------------------------------------------------
PASSED: formatting-utils formatTitle should lower case titles with single caps
PASSED: formatting-utils formatTitle should maintain mixed caps titles
PASSED: formatting-utils formatTitle should maintain all caps titles

javascript/translation-analytics-package/dubs-per-month-chart_test.jsx
-------------------------------------------------------------------------------
PASSED: fillInMissingMonths should fill in gaps
PASSED: fillInMissingMonths should succeed on an empty dictionary

javascript/translation-analytics-package/fixtures_test.js
-------------------------------------------------------------------------------
PASSED: DubsPerMonthChart fixtures renders instance 0
PASSED: TranslatedWordsProgressChart fixtures renders instance 0
PASSED: TranslatedWordsProgressChart fixtures renders instance 1
PASSED: TranslatedWordsProgressChart fixtures renders instance 2
PASSED: TranslatedWordsProgressChart fixtures renders instance 3
PASSED: TranslationAnalytics fixtures renders instance 0

javascript/translations-dashboard-package/article-dash-page_test.js
-------------------------------------------------------------------------------
PASSED: ArticleDashPage makeArticleFilter filters out nothing when no filters are active
PASSED: ArticleDashPage makeArticleFilter can search by title
PASSED: ArticleDashPage makeArticleFilter can filter by untraslatedOnly
PASSED: ArticleDashPage makeArticleFilter can filter by liveOnly
PASSED: ArticleDashPage makeArticleFilter can stack filters

javascript/translations-dashboard-package/caption-dash-page_test.js
-------------------------------------------------------------------------------
PASSED: CaptionDashPage makeCaptionFilter filters out nothing when no filters are active
PASSED: CaptionDashPage makeCaptionFilter can search by title
PASSED: CaptionDashPage makeCaptionFilter can filter out already captioned
PASSED: CaptionDashPage makeCaptionFilter can filter out unlisted
PASSED: CaptionDashPage makeCaptionFilter can stack filters

javascript/translations-dashboard-package/description-dash-page_test.js
-------------------------------------------------------------------------------
PASSED: DescriptionDashPage makeDescriptionFilter filters out nothing when no filters are active
PASSED: DescriptionDashPage makeDescriptionFilter can search by title
PASSED: DescriptionDashPage makeDescriptionFilter can filter out already translated
PASSED: DescriptionDashPage makeDescriptionFilter can filter out unlisted
PASSED: DescriptionDashPage makeDescriptionFilter can stack filters

javascript/translations-dashboard-package/dubbing-dash-page_test.js
-------------------------------------------------------------------------------
PASSED: DubbingDashPage makeDubbingFilter filters out nothing when no filters are active
PASSED: DubbingDashPage makeDubbingFilter can search by title
PASSED: DubbingDashPage makeDubbingFilter can filter out already dubbed
PASSED: DubbingDashPage makeDubbingFilter can filter out unlisted
PASSED: DubbingDashPage makeDubbingFilter can stack filters

javascript/translations-dashboard-package/exercise-dash-page_test.js
-------------------------------------------------------------------------------
PASSED: ExerciseDashPage makeExerciseFilter filters out nothing when no filters are active
PASSED: ExerciseDashPage makeExerciseFilter can filter out fully translated exercises
PASSED: ExerciseDashPage makeExerciseFilter can filter out unlisted exercise
PASSED: ExerciseDashPage makeExerciseFilter can filter based on content node title and slug
PASSED: ExerciseDashPage makeExerciseFilter can filter based on ancestor topic node title and slug
PASSED: ExerciseDashPage makeExerciseFilter can stack filters

javascript/translations-dashboard-package/fixtures_test.js
-------------------------------------------------------------------------------
PASSED: ArticleDashPage fixtures renders instance 0
PASSED: DashTableWrapper(ArticleProgressTable) fixtures renders instance 0
PASSED: CaptionDashPage fixtures renders instance 0
PASSED: DashTableWrapper(CaptionProgressTable) fixtures renders instance 0
PASSED: DashAreaHeader fixtures renders instance 0
PASSED: DashAreaHeader fixtures renders instance 1
PASSED: DashItemHeader fixtures renders instance 0
PASSED: DashItemHeader fixtures renders instance 1
PASSED: DashItemHeader fixtures renders instance 2
PASSED: DashItemHeader fixtures renders instance 3
PASSED: DashLayout fixtures renders instance 0
PASSED: DashNav fixtures renders instance 0
PASSED: DashTopicTreeview fixtures renders instance 0
PASSED: DashTopicTreeview fixtures renders instance 1
PASSED: DashTreeview fixtures renders instance 0
PASSED: DescriptionDashPage fixtures renders instance 0
PASSED: DashTableWrapper(DescriptionProgressTable) fixtures renders instance 0
PASSED: DubbingDashPage fixtures renders instance 0
PASSED: DashTableWrapper(DubbingProgressTable) fixtures renders instance 0
PASSED: ExerciseDashPage fixtures renders instance 0
PASSED: DashTableWrapper(ExerciseProgressTable) fixtures renders instance 0
PASSED: FixedHeaderSortableTable fixtures renders instance 0
PASSED: LanguageSelect fixtures renders instance 0
PASSED: LanguageSelect fixtures renders instance 1
PASSED: ScratchpadDashPage fixtures renders instance 0
PASSED: DashTableWrapper(ScratchpadProgressTable) fixtures renders instance 0
PASSED: ScratchpadTranslationEditor fixtures renders instance 0
PASSED: ScratchpadTranslationEditor fixtures renders instance 1
PASSED: SortableTable fixtures renders instance 0
PASSED: SortableTable fixtures renders instance 1
PASSED: SortableTable fixtures renders instance 2
PASSED: SubtitleDashPage fixtures renders instance 0
PASSED: DashTableWrapper(SubtitleProgressTable) fixtures renders instance 0
PASSED: TranslationProgressIcon fixtures renders instance 0
PASSED: TranslationProgressIcon fixtures renders instance 1
PASSED: TranslationProgressIcon fixtures renders instance 2
PASSED: TranslationProgressIcon fixtures renders instance 3
PASSED: TranslationProgressIcon fixtures renders instance 4
PASSED: TranslationProgressIcon fixtures renders instance 5
PASSED: TranslationProgressIcon fixtures renders instance 6
PASSED: TranslationProgressIcon fixtures renders instance 7
PASSED: TranslationProgressIcon fixtures renders instance 8
PASSED: VideoPreview fixtures renders instance 0
PASSED: VideoTranslationEditor fixtures renders instance 0
PASSED: VideoTranslationEditor fixtures renders instance 1
PASSED: PlatformDashPage fixtures renders instance 0
PASSED: DashTableWrapper(PlatformProgressTable) fixtures renders instance 0
PASSED: DashTableWrapper(PlatformProgressTable) fixtures renders instance 1

javascript/translations-dashboard-package/format-percent_test.js
-------------------------------------------------------------------------------
PASSED: formatPercent leaves no decimals
PASSED: formatPercent rounds down
PASSED: formatPercent reports 100% when actually complete

javascript/translations-dashboard-package/make-query-filter_test.js
-------------------------------------------------------------------------------
PASSED: makeQueryFilter works for exact string match
PASSED: makeQueryFilter is case insensitive
PASSED: makeQueryFilter matches at word boundaries
PASSED: makeQueryFilter only matches if all tokens are matched
PASSED: makeQueryFilter ignores punctuation in the filter

javascript/translations-dashboard-package/platform-dash-page_test.js
-------------------------------------------------------------------------------
PASSED: PlatformDashPage makePlatformNodeFilter filters out nothing when no filters are active
PASSED: PlatformDashPage makePlatformNodeFilter can filter out fully translated categories
PASSED: PlatformDashPage makePlatformNodeFilter can filter based on category title
PASSED: PlatformDashPage makePlatformNodeFilter can stack filters

javascript/translations-dashboard-package/safe-percent_test.js
-------------------------------------------------------------------------------
PASSED: safePercent works for non-zero denominator
PASSED: safePercent returns 100 when denominator is zero

javascript/translations-dashboard-package/sortable-table_test.jsx
-------------------------------------------------------------------------------
PASSED: SortableTable renders and updates
PASSED: SortableTable passes sortFnKey the sort order as a second param

javascript/translations-dashboard-package/subtitle-dash-page_test.js
-------------------------------------------------------------------------------
PASSED: SubtitleDashPage makeSubtitleFilter filters out nothing when no filters are active
PASSED: SubtitleDashPage makeSubtitleFilter can search by title
PASSED: SubtitleDashPage makeSubtitleFilter can filter out already dubbed
PASSED: SubtitleDashPage makeSubtitleFilter can filter out already subtitled
PASSED: SubtitleDashPage makeSubtitleFilter can filter out unlisted
PASSED: SubtitleDashPage makeSubtitleFilter can stack filters

javascript/translations-dashboard-package/topic-progress-node_test.js
-------------------------------------------------------------------------------
PASSED: TopicProgressNode getPath() returns the full path from the root
PASSED: TopicProgressNode getChildren() returns all immediate children
PASSED: TopicProgressNode getChildTopics() returns immediate child topics
PASSED: TopicProgressNode getChildTopicBySlug(slug) returns the subtopic with the requested slug
PASSED: TopicProgressNode getExercisesInSubtree() returns all exercises in the subtree
PASSED: TopicProgressNode getVideosInSubtree() returns all videos in the subtree
PASSED: TopicProgressNode getTopicsInSubtree() returns all topics in the subtree
PASSED: TopicProgressNode getDubbableContentInSubtree() returns all dubbable content in the subtree
PASSED: TopicProgressNode getSubbableContentInSubtree() returns all subbable content in the subtree
PASSED: TopicProgressNode getCaptionableContentInSubtree() returns all captionable content in the subtree
PASSED: TopicProgressNode getChallengesAndProjectsInSubtree() returns all CS challenges + projects in the subtree

javascript/translations-dashboard-package/translations-api_test.js
-------------------------------------------------------------------------------
PASSED: TranslationsApi getTranslationProgress hits the endpoint
PASSED: TranslationsApi getUpdatedProgressNodes hits the endpoint
PASSED: TranslationsApi getYoutubeId hits the endpoint
PASSED: TranslationsApi setYoutubeTranslation hits the endpoint with a PUT
PASSED: TranslationsApi clearYoutubeTranslation hits the endpoint with a DELETE
PASSED: TranslationsApi uploadScratchpadDubMp3 hits the endpoint with a PUT

javascript/translations-dashboard-package/translations-progress-store_test.js
-------------------------------------------------------------------------------
PASSED: TranslationsProgressStore should return the dates from the last analytics run
PASSED: TranslationsProgressStore getOrFetchTopicNode, before data is loaded should return null and fetch
PASSED: TranslationsProgressStore getOrFetchTopicNode, after data is loaded returns a TopicProgressNode
PASSED: TranslationsProgressStore getOrFetchTopicNode, after data is loaded returns a nested TopicProgressNode
PASSED: TranslationsProgressStore getOrFetchTopicNode, after data is loaded merges updated nodes
PASSED: TranslationsProgressStore getOrFetchTopicNode, after data is loaded new translation will cause a refetch
PASSED: TranslationsProgressStore getOrFetchTopicNode, after data is loaded different update date will cause progress refetch

javascript/translations-dashboard-package/url-state-store_test.js
-------------------------------------------------------------------------------
PASSED: UrlStateStore routing routes for the dashboard
PASSED: UrlStateStore routing routes for tabs on the dashboard
PASSED: UrlStateStore routing routes for the language selection page
PASSED: UrlStateStore routing routes for the redirect link
PASSED: UrlStateStore routing routes for video editing
PASSED: UrlStateStore routing routes for scratchpad editing
PASSED: UrlStateStore routing routes for analytics
PASSED: UrlStateStore routing routes for manticore description editing
PASSED: UrlStateStore routing routes for manticore khan-exercise editing
PASSED: UrlStateStore routing routes for manticore exercise editing
PASSED: UrlStateStore routing routes for manticore exercise list-by-pattern
PASSED: UrlStateStore routing routes for manticore exercise list-by-order
PASSED: UrlStateStore dashboard url construction makeShowDashUrl creates a URL for the empty path
PASSED: UrlStateStore dashboard url construction makeShowDashUrl creates a URL for a single topic path
PASSED: UrlStateStore dashboard url construction makeShowDashUrl creates a URL for a nested path
PASSED: UrlStateStore dashboard url construction makeShowDashUrl creates a URL for a nested path
PASSED: UrlStateStore dashboard url construction makeShowDashUrl creates a URL for the exercises tab
PASSED: UrlStateStore dashboard url construction makeShowDashUrl creates a URL for the program (scratchpad) tab
PASSED: UrlStateStore dashboard url construction makeShowDashUrl creates a URL for the descriptions tab
PASSED: UrlStateStore dashboard url construction makeShowDashUrl creates a URL for the subtitles tab
PASSED: UrlStateStore dashboard url construction makeShowDashUrl creates a URL for the dubbing tab
PASSED: UrlStateStore dashboard url construction makeShowDashUrl creates a URL for the captions tab
PASSED: UrlStateStore dashboard url construction makeShowDashUrl creates a URL for the articles tab
PASSED: UrlStateStore dashboard url construction makeShowDashUrl creates a URL for the website tab
PASSED: UrlStateStore dashboard url construction makeShowDashUrl creates a URL for the mobile tab
PASSED: UrlStateStore dashboard url construction makeEditVideoUrl creates a URL to edit translations for a video
PASSED: UrlStateStore dashboard url construction makeEditScratchpadDubsUrl creates a URL to edit translations for a scratchpad's dubs
PASSED: UrlStateStore manticore url construction makeEditPathFromRedirect creates a URL to manticore with the correct lang and path
PASSED: UrlStateStore manticore url construction makeManticoreDescriptionsUrl creates a URL to edit metadata in manticore
PASSED: UrlStateStore manticore url construction makeManticoreExerciseUrl creates a URL to show the exercise previews
PASSED: UrlStateStore manticore url construction makeManticoreExerciseUrl creates a URL to show the exercise strings by pattern
PASSED: UrlStateStore manticore url construction makeManticoreExerciseUrl creates a URL to show the exercise strings by order
PASSED: UrlStateStore manticore url construction makeManticoreArticleUrl creates a URL to show the article preview
PASSED: UrlStateStore manticore url construction makeManticoreArticleUrl creates a URL to show the article strings by order
PASSED: UrlStateStore manticore url construction makeManticorePlatformUrl creates a URL to edit platform strings in manticore
PASSED: UrlStateStore manticore url construction makeManticoreScratchpadUrl creates a URL to edit translations for a scratchpad's text
PASSED: UrlStateStore manticore url construction makeManticoreKhanExerciseUrl creates a URL to edit translations for a khan-exercise

javascript/translations-dashboard-package/video-translation-editor_test.jsx
-------------------------------------------------------------------------------
PASSED: VideoTranslationEditor renders and updates

javascript/translations-dashboard-package/youtube-id-store_test.js
-------------------------------------------------------------------------------
PASSED: YoutubeIdStore getOrFetchYoutubeId fetches data exactly once per video
PASSED: YoutubeIdStore getOrFetchYoutubeId deals with data fetching failures
PASSED: YoutubeIdStore getSaveStatus indicates whether a save completed
PASSED: YoutubeIdStore getSaveStatus indicates whether a save completed on clear
PASSED: YoutubeIdStore getSaveStatus indicates whether a save failed

javascript/tutorial-article-package/fixtures_test.js
-------------------------------------------------------------------------------
PASSED: ArticlePage fixtures renders instance 0
PASSED: ArticlePage fixtures renders instance 1
PASSED: ArticlePage fixtures renders instance 2

javascript/tutorial-editor-package/fixtures_test.js
-------------------------------------------------------------------------------
PASSED: ArticleEditView fixtures renders instance 0
PASSED: AddArticleModal fixtures renders instance 0
PASSED: AddArticleModal fixtures renders instance 1

javascript/tutorial-editor-package/regex-util_test.js
[...]
PASSED: DashTableWrapper(ExerciseProgressTable) fixtures renders instance 0
PASSED: FixedHeaderSortableTable fixtures renders instance 0
PASSED: LanguageSelect fixtures renders instance 0
PASSED: LanguageSelect fixtures renders instance 1
PASSED: ScratchpadDashPage fixtures renders instance 0
PASSED: DashTableWrapper(ScratchpadProgressTable) fixtures renders instance 0
PASSED: ScratchpadTranslationEditor fixtures renders instance 0
PASSED: ScratchpadTranslationEditor fixtures renders instance 1
PASSED: SortableTable fixtures renders instance 0
PASSED: SortableTable fixtures renders instance 1
PASSED: SortableTable fixtures renders instance 2
PASSED: SubtitleDashPage fixtures renders instance 0
PASSED: DashTableWrapper(SubtitleProgressTable) fixtures renders instance 0
PASSED: TranslationProgressIcon fixtures renders instance 0
PASSED: TranslationProgressIcon fixtures renders instance 1
PASSED: TranslationProgressIcon fixtures renders instance 2
PASSED: TranslationProgressIcon fixtures renders instance 3
PASSED: TranslationProgressIcon fixtures renders instance 4
PASSED: TranslationProgressIcon fixtures renders instance 5
PASSED: TranslationProgressIcon fixtures renders instance 6
PASSED: TranslationProgressIcon fixtures renders instance 7
PASSED: TranslationProgressIcon fixtures renders instance 8
PASSED: VideoPreview fixtures renders instance 0
PASSED: VideoTranslationEditor fixtures renders instance 0
PASSED: VideoTranslationEditor fixtures renders instance 1
PASSED: PlatformDashPage fixtures renders instance 0
PASSED: DashTableWrapper(PlatformProgressTable) fixtures renders instance 0
PASSED: DashTableWrapper(PlatformProgressTable) fixtures renders instance 1

javascript/translations-dashboard-package/format-percent_test.js
-------------------------------------------------------------------------------
PASSED: formatPercent leaves no decimals
PASSED: formatPercent rounds down
PASSED: formatPercent reports 100% when actually complete

javascript/translations-dashboard-package/make-query-filter_test.js
-------------------------------------------------------------------------------
PASSED: makeQueryFilter works for exact string match
PASSED: makeQueryFilter is case insensitive
PASSED: makeQueryFilter matches at word boundaries
PASSED: makeQueryFilter only matches if all tokens are matched
PASSED: makeQueryFilter ignores punctuation in the filter

javascript/translations-dashboard-package/platform-dash-page_test.js
-------------------------------------------------------------------------------
PASSED: PlatformDashPage makePlatformNodeFilter filters out nothing when no filters are active
PASSED: PlatformDashPage makePlatformNodeFilter can filter out fully translated categories
PASSED: PlatformDashPage makePlatformNodeFilter can filter based on category title
PASSED: PlatformDashPage makePlatformNodeFilter can stack filters

javascript/translations-dashboard-package/safe-percent_test.js
-------------------------------------------------------------------------------
PASSED: safePercent works for non-zero denominator
PASSED: safePercent returns 100 when denominator is zero

javascript/translations-dashboard-package/sortable-table_test.jsx
-------------------------------------------------------------------------------
PASSED: SortableTable renders and updates
PASSED: SortableTable passes sortFnKey the sort order as a second param

javascript/translations-dashboard-package/subtitle-dash-page_test.js
-------------------------------------------------------------------------------
PASSED: SubtitleDashPage makeSubtitleFilter filters out nothing when no filters are active
PASSED: SubtitleDashPage makeSubtitleFilter can search by title
PASSED: SubtitleDashPage makeSubtitleFilter can filter out already dubbed
PASSED: SubtitleDashPage makeSubtitleFilter can filter out already subtitled
PASSED: SubtitleDashPage makeSubtitleFilter can filter out unlisted
PASSED: SubtitleDashPage makeSubtitleFilter can stack filters

javascript/translations-dashboard-package/topic-progress-node_test.js
-------------------------------------------------------------------------------
PASSED: TopicProgressNode getPath() returns the full path from the root
PASSED: TopicProgressNode getChildren() returns all immediate children
PASSED: TopicProgressNode getChildTopics() returns immediate child topics
PASSED: TopicProgressNode getChildTopicBySlug(slug) returns the subtopic with the requested slug
PASSED: TopicProgressNode getExercisesInSubtree() returns all exercises in the subtree
PASSED: TopicProgressNode getVideosInSubtree() returns all videos in the subtree
PASSED: TopicProgressNode getTopicsInSubtree() returns all topics in the subtree
PASSED: TopicProgressNode getDubbableContentInSubtree() returns all dubbable content in the subtree
PASSED: TopicProgressNode getSubbableContentInSubtree() returns all subbable content in the subtree
PASSED: TopicProgressNode getCaptionableContentInSubtree() returns all captionable content in the subtree
PASSED: TopicProgressNode getChallengesAndProjectsInSubtree() returns all CS challenges + projects in the subtree

javascript/translations-dashboard-package/translations-api_test.js
-------------------------------------------------------------------------------
PASSED: TranslationsApi getTranslationProgress hits the endpoint
PASSED: TranslationsApi getUpdatedProgressNodes hits the endpoint
PASSED: TranslationsApi getYoutubeId hits the endpoint
PASSED: TranslationsApi setYoutubeTranslation hits the endpoint with a PUT
PASSED: TranslationsApi clearYoutubeTranslation hits the endpoint with a DELETE
PASSED: TranslationsApi uploadScratchpadDubMp3 hits the endpoint with a PUT

javascript/translations-dashboard-package/translations-progress-store_test.js
-------------------------------------------------------------------------------
PASSED: TranslationsProgressStore should return the dates from the last analytics run
PASSED: TranslationsProgressStore getOrFetchTopicNode, before data is loaded should return null and fetch
PASSED: TranslationsProgressStore getOrFetchTopicNode, after data is loaded returns a TopicProgressNode
PASSED: TranslationsProgressStore getOrFetchTopicNode, after data is loaded returns a nested TopicProgressNode
PASSED: TranslationsProgressStore getOrFetchTopicNode, after data is loaded merges updated nodes
PASSED: TranslationsProgressStore getOrFetchTopicNode, after data is loaded new translation will cause a refetch
PASSED: TranslationsProgressStore getOrFetchTopicNode, after data is loaded different update date will cause progress refetch

javascript/translations-dashboard-package/url-state-store_test.js
-------------------------------------------------------------------------------
PASSED: UrlStateStore routing routes for the dashboard
PASSED: UrlStateStore routing routes for tabs on the dashboard
PASSED: UrlStateStore routing routes for the language selection page
PASSED: UrlStateStore routing routes for the redirect link
PASSED: UrlStateStore routing routes for video editing
PASSED: UrlStateStore routing routes for scratchpad editing
PASSED: UrlStateStore routing routes for analytics
PASSED: UrlStateStore routing routes for manticore description editing
PASSED: UrlStateStore routing routes for manticore khan-exercise editing
PASSED: UrlStateStore routing routes for manticore exercise editing
PASSED: UrlStateStore routing routes for manticore exercise list-by-pattern
PASSED: UrlStateStore routing routes for manticore exercise list-by-order
PASSED: UrlStateStore dashboard url construction makeShowDashUrl creates a URL for the empty path
PASSED: UrlStateStore dashboard url construction makeShowDashUrl creates a URL for a single topic path
PASSED: UrlStateStore dashboard url construction makeShowDashUrl creates a URL for a nested path
PASSED: UrlStateStore dashboard url construction makeShowDashUrl creates a URL for a nested path
PASSED: UrlStateStore dashboard url construction makeShowDashUrl creates a URL for the exercises tab
PASSED: UrlStateStore dashboard url construction makeShowDashUrl creates a URL for the program (scratchpad) tab
PASSED: UrlStateStore dashboard url construction makeShowDashUrl creates a URL for the descriptions tab
PASSED: UrlStateStore dashboard url construction makeShowDashUrl creates a URL for the subtitles tab
PASSED: UrlStateStore dashboard url construction makeShowDashUrl creates a URL for the dubbing tab
PASSED: UrlStateStore dashboard url construction makeShowDashUrl creates a URL for the captions tab
PASSED: UrlStateStore dashboard url construction makeShowDashUrl creates a URL for the articles tab
PASSED: UrlStateStore dashboard url construction makeShowDashUrl creates a URL for the website tab
PASSED: UrlStateStore dashboard url construction makeShowDashUrl creates a URL for the mobile tab
PASSED: UrlStateStore dashboard url construction makeEditVideoUrl creates a URL to edit translations for a video
PASSED: UrlStateStore dashboard url construction makeEditScratchpadDubsUrl creates a URL to edit translations for a scratchpad's dubs
PASSED: UrlStateStore manticore url construction makeEditPathFromRedirect creates a URL to manticore with the correct lang and path
PASSED: UrlStateStore manticore url construction makeManticoreDescriptionsUrl creates a URL to edit metadata in manticore
PASSED: UrlStateStore manticore url construction makeManticoreExerciseUrl creates a URL to show the exercise previews
PASSED: UrlStateStore manticore url construction makeManticoreExerciseUrl creates a URL to show the exercise strings by pattern
PASSED: UrlStateStore manticore url construction makeManticoreExerciseUrl creates a URL to show the exercise strings by order
PASSED: UrlStateStore manticore url construction makeManticoreArticleUrl creates a URL to show the article preview
PASSED: UrlStateStore manticore url construction makeManticoreArticleUrl creates a URL to show the article strings by order
PASSED: UrlStateStore manticore url construction makeManticorePlatformUrl creates a URL to edit platform strings in manticore
PASSED: UrlStateStore manticore url construction makeManticoreScratchpadUrl creates a URL to edit translations for a scratchpad's text
PASSED: UrlStateStore manticore url construction makeManticoreKhanExerciseUrl creates a URL to edit translations for a khan-exercise

javascript/translations-dashboard-package/video-translation-editor_test.jsx
-------------------------------------------------------------------------------
PASSED: VideoTranslationEditor renders and updates

javascript/translations-dashboard-package/youtube-id-store_test.js
-------------------------------------------------------------------------------
PASSED: YoutubeIdStore getOrFetchYoutubeId fetches data exactly once per video
PASSED: YoutubeIdStore getOrFetchYoutubeId deals with data fetching failures
PASSED: YoutubeIdStore getSaveStatus indicates whether a save completed
PASSED: YoutubeIdStore getSaveStatus indicates whether a save completed on clear
PASSED: YoutubeIdStore getSaveStatus indicates whether a save failed

javascript/tutorial-article-package/fixtures_test.js
-------------------------------------------------------------------------------
PASSED: ArticlePage fixtures renders instance 0
PASSED: ArticlePage fixtures renders instance 1
PASSED: ArticlePage fixtures renders instance 2

javascript/tutorial-editor-package/fixtures_test.js
-------------------------------------------------------------------------------
PASSED: ArticleEditView fixtures renders instance 0
PASSED: AddArticleModal fixtures renders instance 0
PASSED: AddArticleModal fixtures renders instance 1

javascript/tutorial-editor-package/regex-util_test.js
-------------------------------------------------------------------------------
PASSED: RegexUtil escapeRegex escapes regex special characters
PASSED: RegexUtil accentInsensitive matches regardless of accents

javascript/tutorial-exercise-package/fixtures_test.js
-------------------------------------------------------------------------------
PASSED: exports fixtures renders instance 0
PASSED: ExerciseContent fixtures renders instance 0
PASSED: SidebarExpando fixtures renders instance 0
PASSED: SidebarExpando fixtures renders instance 1
PASSED: ExercisePage fixtures renders instance 0

javascript/tutorial-page-package/fixtures_test.js
-------------------------------------------------------------------------------
PASSED: TutorialPage fixtures renders instance 0
PASSED: TutorialPage fixtures renders instance 1

javascript/tutorial-shared-package/fixtures_test.js
-------------------------------------------------------------------------------
PASSED: ContentDescription fixtures renders instance 0
PASSED: ContentDescription fixtures renders instance 1
PASSED: ContentDescription fixtures renders instance 2
PASSED: ContentDescription fixtures renders instance 3
PASSED: ContentDescription fixtures renders instance 4
PASSED: ContentDescription fixtures renders instance 5
PASSED: ContentDescription fixtures renders instance 6
PASSED: ContentPageHeader fixtures renders instance 0
PASSED: DiscussionArea fixtures renders instance 0
PASSED: PlaylistControls fixtures renders instance 0
PASSED: SharingFooter fixtures renders instance 0
PASSED: Tags fixtures renders instance 0
PASSED: Tags fixtures renders instance 1
PASSED: Tags fixtures renders instance 2
PASSED: Discussion fixtures renders instance 0
PASSED: TutorialNav fixtures renders instance 0

javascript/tutorial-video-package/fixtures_test.js
-------------------------------------------------------------------------------
PASSED: VideoTabs fixtures renders instance 0
PASSED: VideoTabs fixtures renders instance 1
PASSED: VideoTabs fixtures renders instance 2
PASSED: VideoTabs fixtures renders instance 3

javascript/typeahead-package/advance-focus-in-list_test.js
-------------------------------------------------------------------------------
PASSED: advanceFocusInList advances focus properly
PASSED: advanceFocusInList can also reverse focus properly

javascript/typeahead-package/build-mission-source_test.js
-------------------------------------------------------------------------------
PASSED: buildMissionSource finds things in a mission

javascript/typeahead-package/fixtures_test.js
-------------------------------------------------------------------------------
PASSED: SearchBox fixtures renders instance 0
PASSED: SearchBox fixtures renders instance 1
PASSED: SearchBox fixtures renders instance 2
PASSED: SearchBox fixtures renders instance 3

javascript/video-package/poppler_test.js
-------------------------------------------------------------------------------
FAILED: Poppler should trigger events in order
Can't find variable: x	at genfiles/readable_js_bundles_test/en/javascript/testindex.bundle.js:15902:10
	at callFn (genfiles/readable_js_bundles_test/en/javascript/testindex.bundle.js:25009:25)
	at run (genfiles/readable_js_bundles_test/en/javascript/testindex.bundle.js:25002:13)
	at runTest (genfiles/readable_js_bundles_test/en/javascript/testindex.bundle.js:25404:13)
	at genfiles/readable_js_bundles_test/en/javascript/testindex.bundle.js:25482:19
	at next (genfiles/readable_js_bundles_test/en/javascript/testindex.bundle.js:25329:16)
	at genfiles/readable_js_bundles_test/en/javascript/testindex.bundle.js:25339:11
	at next (genfiles/readable_js_bundles_test/en/javascript/testindex.bundle.js:25277:25)
	at genfiles/readable_js_bundles_test/en/javascript/testindex.bundle.js:25301:11
	at done (genfiles/readable_js_bundles_test/en/javascript/testindex.bundle.js:24965:7)
	at callFn (genfiles/readable_js_bundles_test/en/javascript/testindex.bundle.js:25020:11)
	at run (genfiles/readable_js_bundles_test/en/javascript/testindex.bundle.js:25002:13)
	at next (genfiles/readable_js_bundles_test/en/javascript/testindex.bundle.js:25289:13)
	at genfiles/readable_js_bundles_test/en/javascript/testindex.bundle.js:25306:9
	at timeslice (genfiles/readable_js_bundles_test/en/javascript/testindex.bundle.js:26570:27)
PASSED: Poppler should fire with initial event
PASSED: Poppler should work with events that are higher res than triggers
PASSED: Poppler should support sync events
PASSED: Poppler should not repeat event when expecting next in sequence
PASSED: Poppler should repeat event if there was a seek

javascript/video-package/util-time_test.js
-------------------------------------------------------------------------------
PASSED: formatTimeDisplay should format 1 second to 0:01
PASSED: formatTimeDisplay should format 1 minute and 23 seconds to 1:23
PASSED: formatTimeDisplay should format 59 minutes and 59 seconds to 59:59
PASSED: formatTimeDisplay should format 5 hours, 43 minutes, and 21 seconds to 5:43:21
PASSED: formatTimeDisplayAria should write 1 second
PASSED: formatTimeDisplayAria should write 1 minute 23 seconds
PASSED: formatTimeDisplayAria should write 59 minutes 59 seconds
PASSED: formatTimeDisplayAria should write 5 hours 43 minutes 21 seconds

javascript/view-js-dep-graph/js-dep-graph_test.js
-------------------------------------------------------------------------------
PASSED: JsDepGraph .getD3Nodes() returns nodes for consumption by d3.layout.force
PASSED: JsDepGraph .getD3Links() returns links for consumption by d3.layout.force
PASSED: JsDepGraph .pkgNamesForPath(path) returns a list of all packages containing `path`

The following tests failed:

javascript/profile-reports-package/checkbox_test.jsx
-------------------------------------------------------------------------------
An error occurred before tests started:
ERROR: ReferenceError: Can't find variable: garbage
    genfiles/readable_js_bundles_test/en/javascript/testindex.bundle.js: 8772
    genfiles/readable_js_bundles_test/en/javascript/testindex.bundle.js: 1325
    genfiles/readable_js_bundles_test/en/javascript/testindex.bundle.js: 1358(in function "absoluteRequire")
    genfiles/readable_js_bundles_test/en/javascript/testindex.bundle.js: 1409(in function "req")
    genfiles/readable_js_bundles_test/en/javascript/testindex.bundle.js: 1811
    : 0(in function "forEach")
    genfiles/readable_js_bundles_test/en/javascript/testindex.bundle.js: 1810(in function "run")
    testutil/javascript/browser_runner.html: 35(in function "onload")

javascript/video-package/poppler_test.js
-------------------------------------------------------------------------------
FAILED: Poppler should trigger events in order
Can't find variable: x	at genfiles/readable_js_bundles_test/en/javascript/testindex.bundle.js:15902:10
	at callFn (genfiles/readable_js_bundles_test/en/javascript/testindex.bundle.js:25009:25)
	at run (genfiles/readable_js_bundles_test/en/javascript/testindex.bundle.js:25002:13)
	at runTest (genfiles/readable_js_bundles_test/en/javascript/testindex.bundle.js:25404:13)
	at genfiles/readable_js_bundles_test/en/javascript/testindex.bundle.js:25482:19
	at next (genfiles/readable_js_bundles_test/en/javascript/testindex.bundle.js:25329:16)
	at genfiles/readable_js_bundles_test/en/javascript/testindex.bundle.js:25339:11
	at next (genfiles/readable_js_bundles_test/en/javascript/testindex.bundle.js:25277:25)
	at genfiles/readable_js_bundles_test/en/javascript/testindex.bundle.js:25301:11
	at done (genfiles/readable_js_bundles_test/en/javascript/testindex.bundle.js:24965:7)
	at callFn (genfiles/readable_js_bundles_test/en/javascript/testindex.bundle.js:25020:11)
	at run (genfiles/readable_js_bundles_test/en/javascript/testindex.bundle.js:25002:13)
	at next (genfiles/readable_js_bundles_test/en/javascript/testindex.bundle.js:25289:13)
	at genfiles/readable_js_bundles_test/en/javascript/testindex.bundle.js:25306:9
	at timeslice (genfiles/readable_js_bundles_test/en/javascript/testindex.bundle.js:26570:27)

To debug failed tests, run:
tools/runjstests.py -r browser javascript/profile-reports-package/checkbox_test.jsx javascript/video-package/poppler_test.js

]]>		</error>
	</testcase>
	<system-out>
<![CDATA[]]>	</system-out>
	<system-err>
<![CDATA[]]>	</system-err>
</testsuite>
